<?xml version="1.0" encoding="UTF-8"?>
<!-- Generated by org.testng.reporters.JUnitXMLReporter -->
<testsuite hostname="DESKTOP-TRCAD55" ignored="0" name="Default test" tests="3" failures="0" timestamp="2021-12-23T10:17:26 IST" time="153.655" errors="0">
  <testcase name="dresses" time="11.714" classname="org.Mini_Project_Mvn01.Testng_Runner_Class"/>
  <testcase name="eveningdress" time="26.557" classname="org.Mini_Project_Mvn01.Testng_Runner_Class"/>
  <testcase name="tshirts" time="3.931" classname="org.Mini_Project_Mvn01.Testng_Runner_Class"/>
</testsuite> <!-- Default test -->
